{"/home/serhii/Desktop/my-projects/CancelablePromise/cancelable-promise.js": {"path":"/home/serhii/Desktop/my-projects/CancelablePromise/cancelable-promise.js","statementMap":{"0":{"start":{"line":3,"column":16},"end":{"line":7,"column":5}},"1":{"start":{"line":11,"column":8},"end":{"line":11,"column":44}},"2":{"start":{"line":12,"column":8},"end":{"line":12,"column":24}},"3":{"start":{"line":13,"column":8},"end":{"line":13,"column":32}},"4":{"start":{"line":14,"column":8},"end":{"line":14,"column":31}},"5":{"start":{"line":16,"column":8},"end":{"line":16,"column":32}},"6":{"start":{"line":18,"column":8},"end":{"line":18,"column":28}},"7":{"start":{"line":19,"column":8},"end":{"line":19,"column":39}},"8":{"start":{"line":20,"column":8},"end":{"line":20,"column":70}},"9":{"start":{"line":25,"column":8},"end":{"line":25,"column":46}},"10":{"start":{"line":26,"column":8},"end":{"line":26,"column":27}},"11":{"start":{"line":28,"column":8},"end":{"line":28,"column":36}},"12":{"start":{"line":28,"column":29},"end":{"line":28,"column":36}},"13":{"start":{"line":32,"column":25},"end":{"line":32,"column":50}},"14":{"start":{"line":34,"column":8},"end":{"line":48,"column":9}},"15":{"start":{"line":36,"column":12},"end":{"line":38,"column":14}},"16":{"start":{"line":37,"column":16},"end":{"line":37,"column":47}},"17":{"start":{"line":39,"column":12},"end":{"line":44,"column":18}},"18":{"start":{"line":40,"column":29},"end":{"line":40,"column":103}},"19":{"start":{"line":40,"column":65},"end":{"line":40,"column":102}},"20":{"start":{"line":42,"column":37},"end":{"line":42,"column":60}},"21":{"start":{"line":43,"column":20},"end":{"line":43,"column":99}},"22":{"start":{"line":43,"column":56},"end":{"line":43,"column":98}},"23":{"start":{"line":47,"column":12},"end":{"line":47,"column":136}},"24":{"start":{"line":47,"column":59},"end":{"line":47,"column":77}},"25":{"start":{"line":47,"column":99},"end":{"line":47,"column":135}},"26":{"start":{"line":52,"column":8},"end":{"line":52,"column":36}},"27":{"start":{"line":52,"column":29},"end":{"line":52,"column":36}},"28":{"start":{"line":54,"column":8},"end":{"line":58,"column":9}},"29":{"start":{"line":55,"column":12},"end":{"line":55,"column":67}},"30":{"start":{"line":55,"column":45},"end":{"line":55,"column":66}},"31":{"start":{"line":57,"column":12},"end":{"line":57,"column":36}},"32":{"start":{"line":60,"column":8},"end":{"line":60,"column":45}},"33":{"start":{"line":65,"column":28},"end":{"line":65,"column":139}},"34":{"start":{"line":66,"column":8},"end":{"line":68,"column":9}},"35":{"start":{"line":67,"column":12},"end":{"line":67,"column":32}},"36":{"start":{"line":70,"column":27},"end":{"line":71,"column":25}},"37":{"start":{"line":73,"column":8},"end":{"line":73,"column":40}},"38":{"start":{"line":75,"column":8},"end":{"line":75,"column":52}},"39":{"start":{"line":75,"column":49},"end":{"line":75,"column":50}},"40":{"start":{"line":77,"column":8},"end":{"line":80,"column":9}},"41":{"start":{"line":78,"column":12},"end":{"line":78,"column":47}},"42":{"start":{"line":79,"column":12},"end":{"line":79,"column":41}},"43":{"start":{"line":82,"column":8},"end":{"line":84,"column":9}},"44":{"start":{"line":83,"column":12},"end":{"line":83,"column":31}},"45":{"start":{"line":86,"column":8},"end":{"line":88,"column":9}},"46":{"start":{"line":87,"column":12},"end":{"line":87,"column":38}},"47":{"start":{"line":90,"column":8},"end":{"line":90,"column":26}},"48":{"start":{"line":106,"column":8},"end":{"line":106,"column":31}}},"fnMap":{"0":{"name":"(anonymous_0)","decl":{"start":{"line":9,"column":4},"end":{"line":9,"column":5}},"loc":{"start":{"line":9,"column":36},"end":{"line":21,"column":5}},"line":9},"1":{"name":"(anonymous_1)","decl":{"start":{"line":23,"column":4},"end":{"line":23,"column":5}},"loc":{"start":{"line":23,"column":28},"end":{"line":49,"column":5}},"line":23},"2":{"name":"(anonymous_2)","decl":{"start":{"line":36,"column":35},"end":{"line":36,"column":36}},"loc":{"start":{"line":36,"column":44},"end":{"line":38,"column":13}},"line":36},"3":{"name":"(anonymous_3)","decl":{"start":{"line":40,"column":22},"end":{"line":40,"column":23}},"loc":{"start":{"line":40,"column":29},"end":{"line":40,"column":103}},"line":40},"4":{"name":"(anonymous_4)","decl":{"start":{"line":40,"column":53},"end":{"line":40,"column":54}},"loc":{"start":{"line":40,"column":65},"end":{"line":40,"column":102}},"line":40},"5":{"name":"(anonymous_5)","decl":{"start":{"line":41,"column":23},"end":{"line":41,"column":24}},"loc":{"start":{"line":41,"column":34},"end":{"line":44,"column":17}},"line":41},"6":{"name":"(anonymous_6)","decl":{"start":{"line":43,"column":44},"end":{"line":43,"column":45}},"loc":{"start":{"line":43,"column":56},"end":{"line":43,"column":98}},"line":43},"7":{"name":"(anonymous_7)","decl":{"start":{"line":47,"column":34},"end":{"line":47,"column":35}},"loc":{"start":{"line":47,"column":59},"end":{"line":47,"column":77}},"line":47},"8":{"name":"(anonymous_8)","decl":{"start":{"line":47,"column":87},"end":{"line":47,"column":88}},"loc":{"start":{"line":47,"column":99},"end":{"line":47,"column":135}},"line":47},"9":{"name":"(anonymous_9)","decl":{"start":{"line":51,"column":4},"end":{"line":51,"column":5}},"loc":{"start":{"line":51,"column":20},"end":{"line":61,"column":5}},"line":51},"10":{"name":"(anonymous_10)","decl":{"start":{"line":55,"column":36},"end":{"line":55,"column":37}},"loc":{"start":{"line":55,"column":45},"end":{"line":55,"column":66}},"line":55},"11":{"name":"(anonymous_11)","decl":{"start":{"line":63,"column":4},"end":{"line":63,"column":5}},"loc":{"start":{"line":63,"column":34},"end":{"line":91,"column":5}},"line":63},"12":{"name":"(anonymous_12)","decl":{"start":{"line":70,"column":49},"end":{"line":70,"column":50}},"loc":{"start":{"line":70,"column":63},"end":{"line":71,"column":9}},"line":70},"13":{"name":"(anonymous_13)","decl":{"start":{"line":75,"column":44},"end":{"line":75,"column":45}},"loc":{"start":{"line":75,"column":49},"end":{"line":75,"column":50}},"line":75},"14":{"name":"(anonymous_14)","decl":{"start":{"line":105,"column":4},"end":{"line":105,"column":5}},"loc":{"start":{"line":105,"column":13},"end":{"line":107,"column":5}},"line":105}},"branchMap":{"0":{"loc":{"start":{"line":9,"column":26},"end":{"line":9,"column":34}},"type":"default-arg","locations":[{"start":{"line":9,"column":33},"end":{"line":9,"column":34}}],"line":9},"1":{"loc":{"start":{"line":28,"column":8},"end":{"line":28,"column":36}},"type":"if","locations":[{"start":{"line":28,"column":8},"end":{"line":28,"column":36}},{"start":{},"end":{}}],"line":28},"2":{"loc":{"start":{"line":34,"column":8},"end":{"line":48,"column":9}},"type":"if","locations":[{"start":{"line":34,"column":8},"end":{"line":48,"column":9}},{"start":{"line":45,"column":15},"end":{"line":48,"column":9}}],"line":34},"3":{"loc":{"start":{"line":52,"column":8},"end":{"line":52,"column":36}},"type":"if","locations":[{"start":{"line":52,"column":8},"end":{"line":52,"column":36}},{"start":{},"end":{}}],"line":52},"4":{"loc":{"start":{"line":54,"column":8},"end":{"line":58,"column":9}},"type":"if","locations":[{"start":{"line":54,"column":8},"end":{"line":58,"column":9}},{"start":{"line":56,"column":15},"end":{"line":58,"column":9}}],"line":54},"5":{"loc":{"start":{"line":65,"column":28},"end":{"line":65,"column":139}},"type":"binary-expr","locations":[{"start":{"line":65,"column":28},"end":{"line":65,"column":82}},{"start":{"line":65,"column":86},"end":{"line":65,"column":139}}],"line":65},"6":{"loc":{"start":{"line":66,"column":8},"end":{"line":68,"column":9}},"type":"if","locations":[{"start":{"line":66,"column":8},"end":{"line":68,"column":9}},{"start":{},"end":{}}],"line":66},"7":{"loc":{"start":{"line":75,"column":28},"end":{"line":75,"column":51}},"type":"binary-expr","locations":[{"start":{"line":75,"column":28},"end":{"line":75,"column":39}},{"start":{"line":75,"column":44},"end":{"line":75,"column":50}}],"line":75},"8":{"loc":{"start":{"line":77,"column":8},"end":{"line":80,"column":9}},"type":"if","locations":[{"start":{"line":77,"column":8},"end":{"line":80,"column":9}},{"start":{},"end":{}}],"line":77},"9":{"loc":{"start":{"line":82,"column":8},"end":{"line":84,"column":9}},"type":"if","locations":[{"start":{"line":82,"column":8},"end":{"line":84,"column":9}},{"start":{},"end":{}}],"line":82},"10":{"loc":{"start":{"line":86,"column":8},"end":{"line":88,"column":9}},"type":"if","locations":[{"start":{"line":86,"column":8},"end":{"line":88,"column":9}},{"start":{},"end":{}}],"line":86}},"s":{"0":45,"1":45,"2":45,"3":45,"4":45,"5":45,"6":45,"7":45,"8":45,"9":61,"10":61,"11":61,"12":1,"13":60,"14":59,"15":2,"16":2,"17":2,"18":1,"19":2,"20":1,"21":1,"22":2,"23":57,"24":29,"25":27,"26":3,"27":0,"28":3,"29":2,"30":2,"31":1,"32":3,"33":34,"34":34,"35":1,"36":33,"37":33,"38":33,"39":1,"40":33,"41":19,"42":19,"43":33,"44":0,"45":33,"46":23,"47":32,"48":2},"f":{"0":45,"1":61,"2":2,"3":1,"4":2,"5":1,"6":2,"7":29,"8":27,"9":3,"10":2,"11":34,"12":33,"13":1,"14":2},"b":{"0":[12],"1":[1,60],"2":[2,57],"3":[0,3],"4":[2,1],"5":[34,33],"6":[1,33],"7":[33,1],"8":[19,14],"9":[0,33],"10":[23,10]},"_coverageSchema":"1a1c01bbd47fc00a2c39e90264f33305004495a9","hash":"70c86a503f311966eb7ce7e464026c035d2248ea"}
}
