TN:
SF:cancelable-promise.js
FN:9,(anonymous_0)
FN:23,(anonymous_1)
FN:36,(anonymous_2)
FN:40,(anonymous_3)
FN:40,(anonymous_4)
FN:41,(anonymous_5)
FN:43,(anonymous_6)
FN:47,(anonymous_7)
FN:47,(anonymous_8)
FN:51,(anonymous_9)
FN:55,(anonymous_10)
FN:63,(anonymous_11)
FN:70,(anonymous_12)
FN:75,(anonymous_13)
FN:105,(anonymous_14)
FNF:15
FNH:15
FNDA:45,(anonymous_0)
FNDA:61,(anonymous_1)
FNDA:2,(anonymous_2)
FNDA:1,(anonymous_3)
FNDA:2,(anonymous_4)
FNDA:1,(anonymous_5)
FNDA:2,(anonymous_6)
FNDA:29,(anonymous_7)
FNDA:27,(anonymous_8)
FNDA:3,(anonymous_9)
FNDA:2,(anonymous_10)
FNDA:34,(anonymous_11)
FNDA:33,(anonymous_12)
FNDA:1,(anonymous_13)
FNDA:2,(anonymous_14)
DA:3,45
DA:11,45
DA:12,45
DA:13,45
DA:14,45
DA:16,45
DA:18,45
DA:19,45
DA:20,45
DA:25,61
DA:26,61
DA:28,61
DA:32,60
DA:34,59
DA:36,2
DA:37,2
DA:39,2
DA:40,2
DA:42,1
DA:43,2
DA:47,57
DA:52,3
DA:54,3
DA:55,2
DA:57,1
DA:60,3
DA:65,34
DA:66,34
DA:67,1
DA:70,33
DA:73,33
DA:75,33
DA:77,33
DA:78,19
DA:79,19
DA:82,33
DA:83,0
DA:86,33
DA:87,23
DA:90,32
DA:106,2
LF:41
LH:40
BRDA:9,0,0,12
BRDA:28,1,0,1
BRDA:28,1,1,60
BRDA:34,2,0,2
BRDA:34,2,1,57
BRDA:52,3,0,0
BRDA:52,3,1,3
BRDA:54,4,0,2
BRDA:54,4,1,1
BRDA:65,5,0,34
BRDA:65,5,1,33
BRDA:66,6,0,1
BRDA:66,6,1,33
BRDA:75,7,0,33
BRDA:75,7,1,1
BRDA:77,8,0,19
BRDA:77,8,1,14
BRDA:82,9,0,0
BRDA:82,9,1,33
BRDA:86,10,0,23
BRDA:86,10,1,10
BRF:21
BRH:19
end_of_record
